testfiles/function-declarations/13.c:1:14: error: parameter 'a' has incomplete type
int iojiofej(void a) {
             ^
testfiles/function-declarations/13.c:2:12: error: variable 'a' undeclared
return a;
       ^
